<?xml version="1.0" encoding="UTF-8"?>
<robot generator="Robot 7.0 (Python 3.11.4 on win32)" generated="2024-03-26T22:16:21.816462" rpa="false" schemaversion="5">
<suite id="s1" name="Automation Testing" source="D:\Automation_Testing">
<suite id="s1-s1" name="Test Suite" source="D:\Automation_Testing\Test_Suite">
<suite id="s1-s1-s1" name="testLogin" source="D:\Automation_Testing\Test_Suite\testLogin.robot">
<test id="s1-s1-s1-t1" name="012 Verify the Functionality of Google Icon" line="86">
<kw name="Visit the Login Page" owner="loginpageResources">
<kw name="Open My Browser" owner="commonResources">
<kw name="Open Browser" owner="SeleniumLibrary">
<msg time="2024-03-26T22:16:22.223534" level="INFO">Opening browser 'chrome' to base url 'https://www.bookswagon.com/'.</msg>
<arg>${URL}</arg>
<arg>${browser}</arg>
<doc>Opens a new browser instance to the optional ``url``.</doc>
<status status="PASS" start="2024-03-26T22:16:22.223534" elapsed="39.359494"/>
</kw>
<kw name="Maximize Browser Window" owner="SeleniumLibrary">
<doc>Maximizes current browser window.</doc>
<status status="PASS" start="2024-03-26T22:17:01.583028" elapsed="0.314706"/>
</kw>
<status status="PASS" start="2024-03-26T22:16:22.222501" elapsed="39.675803"/>
</kw>
<kw name="Click On MyAccount Dropdown and Click on Login" owner="loginpageResources">
<kw name="Wait Until Page Contains Element" owner="SeleniumLibrary">
<arg>${text_myaccountarrow}</arg>
<arg>40s</arg>
<doc>Waits until the element ``locator`` appears on the current page.</doc>
<status status="PASS" start="2024-03-26T22:17:01.898304" elapsed="0.074287"/>
</kw>
<kw name="Mouse Over" owner="SeleniumLibrary">
<msg time="2024-03-26T22:17:01.973589" level="INFO">Simulating Mouse Over on element 'xpath://div[@class='arrowimg']'.</msg>
<arg>${text_myaccountarrow}</arg>
<doc>Simulates hovering the mouse over the element ``locator``.</doc>
<status status="PASS" start="2024-03-26T22:17:01.973589" elapsed="0.332382"/>
</kw>
<kw name="Click Element" owner="SeleniumLibrary">
<msg time="2024-03-26T22:17:02.305971" level="INFO">Clicking element 'xpath://a[normalize-space()='Log in']'.</msg>
<arg>${text_login}</arg>
<doc>Click the element identified by ``locator``.</doc>
<status status="PASS" start="2024-03-26T22:17:02.305971" elapsed="4.478440"/>
</kw>
<status status="PASS" start="2024-03-26T22:17:01.898304" elapsed="4.886107"/>
</kw>
<kw name="Sleep" owner="BuiltIn">
<msg time="2024-03-26T22:17:08.785439" level="INFO">Slept 2 seconds.</msg>
<arg>2s</arg>
<doc>Pauses the test executed for the given time.</doc>
<status status="PASS" start="2024-03-26T22:17:06.784411" elapsed="2.001028"/>
</kw>
<status status="PASS" start="2024-03-26T22:16:22.221534" elapsed="46.563905"/>
</kw>
<kw name="Click on Google Icon" owner="loginpageResources">
<kw name="Click Element" owner="SeleniumLibrary">
<msg time="2024-03-26T22:17:08.788480" level="INFO">Clicking element 'xpath://div[@id='ctl00_phBody_SignIn_plnLoginPassword']//img[@title='Login with Google']'.</msg>
<arg>${text_googleicon}</arg>
<doc>Click the element identified by ``locator``.</doc>
<status status="PASS" start="2024-03-26T22:17:08.788480" elapsed="0.266131"/>
</kw>
<status status="PASS" start="2024-03-26T22:17:08.787440" elapsed="0.267171"/>
</kw>
<kw name="Page Should Contain" owner="SeleniumLibrary">
<msg time="2024-03-26T22:17:09.950492" level="INFO" html="true">&lt;/td&gt;&lt;/tr&gt;&lt;tr&gt;&lt;td colspan="3"&gt;&lt;a href="selenium-screenshot-12.png"&gt;&lt;img src="selenium-screenshot-12.png" width="800px"&gt;&lt;/a&gt;</msg>
<msg time="2024-03-26T22:17:09.951527" level="FAIL">Invalid log level 'NOT DONE'.</msg>
<arg>Google sign-in has a new look</arg>
<arg>not done</arg>
<doc>Verifies that current page contains ``text``.</doc>
<status status="FAIL" start="2024-03-26T22:17:09.069908" elapsed="0.890375">Invalid log level 'NOT DONE'.</status>
</kw>
<status status="FAIL" start="2024-03-26T22:16:22.220506" elapsed="47.740777">Invalid log level 'NOT DONE'.</status>
</test>
<status status="FAIL" start="2024-03-26T22:16:21.856853" elapsed="48.107216"/>
</suite>
<status status="FAIL" start="2024-03-26T22:16:21.854595" elapsed="48.111521"/>
</suite>
<status status="FAIL" start="2024-03-26T22:16:21.819786" elapsed="48.149293"/>
</suite>
<statistics>
<total>
<stat pass="0" fail="1" skip="0">All Tests</stat>
</total>
<tag>
</tag>
<suite>
<stat pass="0" fail="1" skip="0" id="s1" name="Automation Testing">Automation Testing</stat>
<stat pass="0" fail="1" skip="0" id="s1-s1" name="Test Suite">Automation Testing.Test Suite</stat>
<stat pass="0" fail="1" skip="0" id="s1-s1-s1" name="testLogin">Automation Testing.Test Suite.testLogin</stat>
</suite>
</statistics>
<errors>
</errors>
</robot>
